# JRE version: OpenJDK Runtime Environment Temurin-21.0.8+9 (21.0.8+9) (build 21.0.8+9-LTS)
# Java VM: OpenJDK 64-Bit Server VM Temurin-21.0.8+9 (21.0.8+9-LTS, mixed mode, sharing, tiered, compressed oops, compressed class ptrs, g1 gc, windows-amd64)
GC Precious Log:
 CardTable entry size: 512
 Card Set container configuration: InlinePtr #cards 4 size 8 Array Of Cards #cards 16 size 48 Howl #buckets 8 coarsen threshold 3686 Howl Bitmap #cards 512 size 80 coarsen threshold 460 Card regions per heap region 1 cards per card region 4096
 CPUs: 8 total, 8 available
 Memory: 12119M
 Large Page Support: Disabled
 NUMA Support: Disabled
 Compressed Oops: Enabled (Zero based)
 Heap Region Size: 2M
 Heap Min Capacity: 8M
 Heap Initial Capacity: 190M
 Heap Max Capacity: 3030M
 Pre-touch: Disabled
 Parallel Workers: 8
 Concurrent Workers: 2
 Concurrent Refinement Workers: 8
 Periodic GC: Disabled
Heap:
 garbage-first heap   total 229376K, used 145721K [0x0000000742a00000, 0x0000000800000000)
  region size 2048K, 45 young (92160K), 3 survivors (6144K)
 Metaspace       used 81042K, committed 81856K, reserved 1179648K
  class space    used 11406K, committed 11776K, reserved 1048576K
GC Heap History (20 events):
Event: 13.038 GC heap before
{Heap before GC invocations=13 (full 0):
 garbage-first heap   total 79872K, used 66169K [0x0000000742a00000, 0x0000000800000000)
  region size 2048K, 20 young (40960K), 3 survivors (6144K)
 Metaspace       used 70424K, committed 71040K, reserved 1114112K
  class space    used 9942K, committed 10240K, reserved 1048576K
}
Event: 13.047 GC heap after
{Heap after GC invocations=14 (full 0):
 garbage-first heap   total 79872K, used 32906K [0x0000000742a00000, 0x0000000800000000)
  region size 2048K, 1 young (2048K), 1 survivors (2048K)
 Metaspace       used 70424K, committed 71040K, reserved 1114112K
  class space    used 9942K, committed 10240K, reserved 1048576K
}
Event: 13.219 GC heap before
{Heap before GC invocations=14 (full 0):
 garbage-first heap   total 79872K, used 67722K [0x0000000742a00000, 0x0000000800000000)
  region size 2048K, 18 young (36864K), 1 survivors (2048K)
 Metaspace       used 70973K, committed 71680K, reserved 1114112K
  class space    used 10009K, committed 10304K, reserved 1048576K
}
Event: 13.223 GC heap after
{Heap after GC invocations=15 (full 0):
 garbage-first heap   total 79872K, used 34742K [0x0000000742a00000, 0x0000000800000000)
  region size 2048K, 2 young (4096K), 2 survivors (4096K)
 Metaspace       used 70973K, committed 71680K, reserved 1114112K
  class space    used 10009K, committed 10304K, reserved 1048576K
}
Event: 13.339 GC heap before
{Heap before GC invocations=15 (full 0):
 garbage-first heap   total 79872K, used 67510K [0x0000000742a00000, 0x0000000800000000)
  region size 2048K, 18 young (36864K), 2 survivors (4096K)
 Metaspace       used 71001K, committed 71680K, reserved 1114112K
  class space    used 10009K, committed 10304K, reserved 1048576K
}
Event: 13.341 GC heap after
{Heap after GC invocations=16 (full 0):
 garbage-first heap   total 79872K, used 33391K [0x0000000742a00000, 0x0000000800000000)
  region size 2048K, 1 young (2048K), 1 survivors (2048K)
 Metaspace       used 71001K, committed 71680K, reserved 1114112K
  class space    used 10009K, committed 10304K, reserved 1048576K
}
Event: 13.463 GC heap before
{Heap before GC invocations=17 (full 0):
 garbage-first heap   total 79872K, used 70255K [0x0000000742a00000, 0x0000000800000000)
  region size 2048K, 19 young (38912K), 1 survivors (2048K)
 Metaspace       used 71013K, committed 71744K, reserved 1114112K
  class space    used 10010K, committed 10304K, reserved 1048576K
}
Event: 13.467 GC heap after
{Heap after GC invocations=18 (full 0):
 garbage-first heap   total 79872K, used 36683K [0x0000000742a00000, 0x0000000800000000)
  region size 2048K, 3 young (6144K), 3 survivors (6144K)
 Metaspace       used 71013K, committed 71744K, reserved 1114112K
  class space    used 10010K, committed 10304K, reserved 1048576K
}
Event: 13.574 GC heap before
{Heap before GC invocations=18 (full 0):
 garbage-first heap   total 79872K, used 65355K [0x0000000742a00000, 0x0000000800000000)
  region size 2048K, 17 young (34816K), 3 survivors (6144K)
 Metaspace       used 71040K, committed 71744K, reserved 1114112K
  class space    used 10024K, committed 10304K, reserved 1048576K
}
Event: 13.579 GC heap after
{Heap after GC invocations=19 (full 0):
 garbage-first heap   total 110592K, used 33999K [0x0000000742a00000, 0x0000000800000000)
  region size 2048K, 1 young (2048K), 1 survivors (2048K)
 Metaspace       used 71040K, committed 71744K, reserved 1114112K
  class space    used 10024K, committed 10304K, reserved 1048576K
}
Event: 13.821 GC heap before
{Heap before GC invocations=19 (full 0):
 garbage-first heap   total 110592K, used 95439K [0x0000000742a00000, 0x0000000800000000)
  region size 2048K, 31 young (63488K), 1 survivors (2048K)
 Metaspace       used 71058K, committed 71744K, reserved 1114112K
  class space    used 10026K, committed 10304K, reserved 1048576K
}
Event: 13.830 GC heap after
{Heap after GC invocations=20 (full 0):
 garbage-first heap   total 110592K, used 42135K [0x0000000742a00000, 0x0000000800000000)
  region size 2048K, 4 young (8192K), 4 survivors (8192K)
 Metaspace       used 71058K, committed 71744K, reserved 1114112K
  class space    used 10026K, committed 10304K, reserved 1048576K
}
Event: 13.956 GC heap before
{Heap before GC invocations=20 (full 0):
 garbage-first heap   total 110592K, used 93335K [0x0000000742a00000, 0x0000000800000000)
  region size 2048K, 29 young (59392K), 4 survivors (8192K)
 Metaspace       used 71090K, committed 71744K, reserved 1114112K
  class space    used 10037K, committed 10304K, reserved 1048576K
}
Event: 13.971 GC heap after
{Heap after GC invocations=21 (full 0):
 garbage-first heap   total 114688K, used 55296K [0x0000000742a00000, 0x0000000800000000)
  region size 2048K, 4 young (8192K), 4 survivors (8192K)
 Metaspace       used 71090K, committed 71744K, reserved 1114112K
  class space    used 10037K, committed 10304K, reserved 1048576K
}
Event: 14.094 GC heap before
{Heap before GC invocations=21 (full 0):
 garbage-first heap   total 114688K, used 96256K [0x0000000742a00000, 0x0000000800000000)
  region size 2048K, 24 young (49152K), 4 survivors (8192K)
 Metaspace       used 71123K, committed 71872K, reserved 1114112K
  class space    used 10042K, committed 10368K, reserved 1048576K
}
Event: 14.104 GC heap after
{Heap after GC invocations=22 (full 0):
 garbage-first heap   total 114688K, used 59607K [0x0000000742a00000, 0x0000000800000000)
  region size 2048K, 2 young (4096K), 2 survivors (4096K)
 Metaspace       used 71123K, committed 71872K, reserved 1114112K
  class space    used 10042K, committed 10368K, reserved 1048576K
}
Event: 14.220 GC heap before
{Heap before GC invocations=23 (full 0):
 garbage-first heap   total 114688K, used 96471K [0x0000000742a00000, 0x0000000800000000)
  region size 2048K, 20 young (40960K), 2 survivors (4096K)
 Metaspace       used 71130K, committed 71872K, reserved 1114112K
  class space    used 10043K, committed 10368K, reserved 1048576K
}
Event: 14.224 GC heap after
{Heap after GC invocations=24 (full 0):
 garbage-first heap   total 114688K, used 59276K [0x0000000742a00000, 0x0000000800000000)
  region size 2048K, 2 young (4096K), 2 survivors (4096K)
 Metaspace       used 71130K, committed 71872K, reserved 1114112K
  class space    used 10043K, committed 10368K, reserved 1048576K
}
Event: 14.302 GC heap before
{Heap before GC invocations=24 (full 0):
 garbage-first heap   total 114688K, used 98188K [0x0000000742a00000, 0x0000000800000000)
  region size 2048K, 21 young (43008K), 2 survivors (4096K)
 Metaspace       used 71130K, committed 71872K, reserved 1114112K
  class space    used 10043K, committed 10368K, reserved 1048576K
}
Event: 14.308 GC heap after
{Heap after GC invocations=25 (full 0):
 garbage-first heap   total 229376K, used 61753K [0x0000000742a00000, 0x0000000800000000)
  region size 2048K, 3 young (6144K), 3 survivors (6144K)
 Metaspace       used 71130K, committed 71872K, reserved 1114112K
  class space    used 10043K, committed 10368K, reserved 1048576K
}

