# JRE version: OpenJDK Runtime Environment Temurin-21.0.9+10 (21.0.9+10) (build 21.0.9+10-LTS)
# Java VM: OpenJDK 64-Bit Server VM Temurin-21.0.9+10 (21.0.9+10-LTS, mixed mode, sharing, tiered, compressed oops, compressed class ptrs, parallel gc, windows-amd64)
GC Precious Log:
 CardTable entry size: 512
 CPUs: 8 total, 8 available
 Memory: 12119M
 Large Page Support: Disabled
 NUMA Support: Disabled
 Compressed Oops: Enabled (32-bit)
 Alignments: Space 512K, Generation 512K, Heap 2M
 Heap Min Capacity: 100M
 Heap Initial Capacity: 100M
 Heap Max Capacity: 2G
 Pre-touch: Disabled
 Parallel Workers: 8
Heap:
 PSYoungGen      total 9216K, used 6418K [0x00000000d5580000, 0x00000000d6000000, 0x0000000100000000)
  eden space 8192K, 74% used [0x00000000d5580000,0x00000000d5b7a220,0x00000000d5d80000)
  from space 1024K, 29% used [0x00000000d5e00000,0x00000000d5e4a8e0,0x00000000d5f00000)
  to   space 512K, 0% used [0x00000000d5f80000,0x00000000d5f80000,0x00000000d6000000)
 ParOldGen       total 765440K, used 387750K [0x0000000080000000, 0x00000000aeb80000, 0x00000000d5580000)
  object space 765440K, 50% used [0x0000000080000000,0x0000000097aa9b58,0x00000000aeb80000)
 Metaspace       used 88862K, committed 90752K, reserved 1179648K
  class space    used 8956K, committed 9792K, reserved 1048576K
GC Heap History (20 events):
Event: 10819.530 GC heap before
{Heap before GC invocations=1477 (full 5):
 PSYoungGen      total 10752K, used 9594K [0x00000000d5580000, 0x00000000d6380000, 0x0000000100000000)
  eden space 8192K, 100% used [0x00000000d5580000,0x00000000d5d80000,0x00000000d5d80000)
  from space 2560K, 54% used [0x00000000d5d80000,0x00000000d5edeb58,0x00000000d6000000)
  to   space 2048K, 0% used [0x00000000d6180000,0x00000000d6180000,0x00000000d6380000)
 ParOldGen       total 765440K, used 380240K [0x0000000080000000, 0x00000000aeb80000, 0x00000000d5580000)
  object space 765440K, 49% used [0x0000000080000000,0x00000000973541c0,0x00000000aeb80000)
 Metaspace       used 88802K, committed 90688K, reserved 1179648K
  class space    used 8954K, committed 9792K, reserved 1048576K
}
Event: 10819.535 GC heap after
{Heap after GC invocations=1477 (full 5):
 PSYoungGen      total 9728K, used 1140K [0x00000000d5580000, 0x00000000d6300000, 0x0000000100000000)
  eden space 8192K, 0% used [0x00000000d5580000,0x00000000d5580000,0x00000000d5d80000)
  from space 1536K, 74% used [0x00000000d6180000,0x00000000d629d230,0x00000000d6300000)
  to   space 1536K, 0% used [0x00000000d6000000,0x00000000d6000000,0x00000000d6180000)
 ParOldGen       total 765440K, used 381000K [0x0000000080000000, 0x00000000aeb80000, 0x00000000d5580000)
  object space 765440K, 49% used [0x0000000080000000,0x0000000097412048,0x00000000aeb80000)
 Metaspace       used 88802K, committed 90688K, reserved 1179648K
  class space    used 8954K, committed 9792K, reserved 1048576K
}
Event: 10819.580 GC heap before
{Heap before GC invocations=1478 (full 5):
 PSYoungGen      total 9728K, used 9332K [0x00000000d5580000, 0x00000000d6300000, 0x0000000100000000)
  eden space 8192K, 100% used [0x00000000d5580000,0x00000000d5d80000,0x00000000d5d80000)
  from space 1536K, 74% used [0x00000000d6180000,0x00000000d629d230,0x00000000d6300000)
  to   space 1536K, 0% used [0x00000000d6000000,0x00000000d6000000,0x00000000d6180000)
 ParOldGen       total 765440K, used 381000K [0x0000000080000000, 0x00000000aeb80000, 0x00000000d5580000)
  object space 765440K, 49% used [0x0000000080000000,0x0000000097412048,0x00000000aeb80000)
 Metaspace       used 88814K, committed 90688K, reserved 1179648K
  class space    used 8954K, committed 9792K, reserved 1048576K
}
Event: 10819.584 GC heap after
{Heap after GC invocations=1478 (full 5):
 PSYoungGen      total 9728K, used 1032K [0x00000000d5580000, 0x00000000d6200000, 0x0000000100000000)
  eden space 8192K, 0% used [0x00000000d5580000,0x00000000d5580000,0x00000000d5d80000)
  from space 1536K, 67% used [0x00000000d6000000,0x00000000d6102278,0x00000000d6180000)
  to   space 512K, 0% used [0x00000000d6180000,0x00000000d6180000,0x00000000d6200000)
 ParOldGen       total 765440K, used 382015K [0x0000000080000000, 0x00000000aeb80000, 0x00000000d5580000)
  object space 765440K, 49% used [0x0000000080000000,0x000000009750fd48,0x00000000aeb80000)
 Metaspace       used 88814K, committed 90688K, reserved 1179648K
  class space    used 8954K, committed 9792K, reserved 1048576K
}
Event: 10819.634 GC heap before
{Heap before GC invocations=1479 (full 5):
 PSYoungGen      total 9728K, used 9224K [0x00000000d5580000, 0x00000000d6200000, 0x0000000100000000)
  eden space 8192K, 100% used [0x00000000d5580000,0x00000000d5d80000,0x00000000d5d80000)
  from space 1536K, 67% used [0x00000000d6000000,0x00000000d6102278,0x00000000d6180000)
  to   space 512K, 0% used [0x00000000d6180000,0x00000000d6180000,0x00000000d6200000)
 ParOldGen       total 765440K, used 382015K [0x0000000080000000, 0x00000000aeb80000, 0x00000000d5580000)
  object space 765440K, 49% used [0x0000000080000000,0x000000009750fd48,0x00000000aeb80000)
 Metaspace       used 88822K, committed 90688K, reserved 1179648K
  class space    used 8955K, committed 9792K, reserved 1048576K
}
Event: 10819.637 GC heap after
{Heap after GC invocations=1479 (full 5):
 PSYoungGen      total 8704K, used 512K [0x00000000d5580000, 0x00000000d6200000, 0x0000000100000000)
  eden space 8192K, 0% used [0x00000000d5580000,0x00000000d5580000,0x00000000d5d80000)
  from space 512K, 100% used [0x00000000d6180000,0x00000000d6200000,0x00000000d6200000)
  to   space 2048K, 0% used [0x00000000d5e00000,0x00000000d5e00000,0x00000000d6000000)
 ParOldGen       total 765440K, used 383338K [0x0000000080000000, 0x00000000aeb80000, 0x00000000d5580000)
  object space 765440K, 50% used [0x0000000080000000,0x000000009765aaf8,0x00000000aeb80000)
 Metaspace       used 88822K, committed 90688K, reserved 1179648K
  class space    used 8955K, committed 9792K, reserved 1048576K
}
Event: 10819.664 GC heap before
{Heap before GC invocations=1480 (full 5):
 PSYoungGen      total 8704K, used 8704K [0x00000000d5580000, 0x00000000d6200000, 0x0000000100000000)
  eden space 8192K, 100% used [0x00000000d5580000,0x00000000d5d80000,0x00000000d5d80000)
  from space 512K, 100% used [0x00000000d6180000,0x00000000d6200000,0x00000000d6200000)
  to   space 2048K, 0% used [0x00000000d5e00000,0x00000000d5e00000,0x00000000d6000000)
 ParOldGen       total 765440K, used 383338K [0x0000000080000000, 0x00000000aeb80000, 0x00000000d5580000)
  object space 765440K, 50% used [0x0000000080000000,0x000000009765aaf8,0x00000000aeb80000)
 Metaspace       used 88823K, committed 90688K, reserved 1179648K
  class space    used 8955K, committed 9792K, reserved 1048576K
}
Event: 10819.667 GC heap after
{Heap after GC invocations=1480 (full 5):
 PSYoungGen      total 10240K, used 698K [0x00000000d5580000, 0x00000000d6200000, 0x0000000100000000)
  eden space 8192K, 0% used [0x00000000d5580000,0x00000000d5580000,0x00000000d5d80000)
  from space 2048K, 34% used [0x00000000d5e00000,0x00000000d5eae900,0x00000000d6000000)
  to   space 1536K, 0% used [0x00000000d6080000,0x00000000d6080000,0x00000000d6200000)
 ParOldGen       total 765440K, used 383898K [0x0000000080000000, 0x00000000aeb80000, 0x00000000d5580000)
  object space 765440K, 50% used [0x0000000080000000,0x00000000976e6af8,0x00000000aeb80000)
 Metaspace       used 88823K, committed 90688K, reserved 1179648K
  class space    used 8955K, committed 9792K, reserved 1048576K
}
Event: 10819.698 GC heap before
{Heap before GC invocations=1481 (full 5):
 PSYoungGen      total 10240K, used 8890K [0x00000000d5580000, 0x00000000d6200000, 0x0000000100000000)
  eden space 8192K, 100% used [0x00000000d5580000,0x00000000d5d80000,0x00000000d5d80000)
  from space 2048K, 34% used [0x00000000d5e00000,0x00000000d5eae900,0x00000000d6000000)
  to   space 1536K, 0% used [0x00000000d6080000,0x00000000d6080000,0x00000000d6200000)
 ParOldGen       total 765440K, used 383898K [0x0000000080000000, 0x00000000aeb80000, 0x00000000d5580000)
  object space 765440K, 50% used [0x0000000080000000,0x00000000976e6af8,0x00000000aeb80000)
 Metaspace       used 88824K, committed 90688K, reserved 1179648K
  class space    used 8955K, committed 9792K, reserved 1048576K
}
Event: 10819.701 GC heap after
{Heap after GC invocations=1481 (full 5):
 PSYoungGen      total 9216K, used 724K [0x00000000d5580000, 0x00000000d6180000, 0x0000000100000000)
  eden space 8192K, 0% used [0x00000000d5580000,0x00000000d5580000,0x00000000d5d80000)
  from space 1024K, 70% used [0x00000000d6080000,0x00000000d6135200,0x00000000d6180000)
  to   space 1024K, 0% used [0x00000000d5f80000,0x00000000d5f80000,0x00000000d6080000)
 ParOldGen       total 765440K, used 383994K [0x0000000080000000, 0x00000000aeb80000, 0x00000000d5580000)
  object space 765440K, 50% used [0x0000000080000000,0x00000000976feaf8,0x00000000aeb80000)
 Metaspace       used 88824K, committed 90688K, reserved 1179648K
  class space    used 8955K, committed 9792K, reserved 1048576K
}
Event: 10819.731 GC heap before
{Heap before GC invocations=1482 (full 5):
 PSYoungGen      total 9216K, used 8916K [0x00000000d5580000, 0x00000000d6180000, 0x0000000100000000)
  eden space 8192K, 100% used [0x00000000d5580000,0x00000000d5d80000,0x00000000d5d80000)
  from space 1024K, 70% used [0x00000000d6080000,0x00000000d6135200,0x00000000d6180000)
  to   space 1024K, 0% used [0x00000000d5f80000,0x00000000d5f80000,0x00000000d6080000)
 ParOldGen       total 765440K, used 383994K [0x0000000080000000, 0x00000000aeb80000, 0x00000000d5580000)
  object space 765440K, 50% used [0x0000000080000000,0x00000000976feaf8,0x00000000aeb80000)
 Metaspace       used 88825K, committed 90752K, reserved 1179648K
  class space    used 8955K, committed 9792K, reserved 1048576K
}
Event: 10819.736 GC heap after
{Heap after GC invocations=1482 (full 5):
 PSYoungGen      total 9216K, used 1012K [0x00000000d5580000, 0x00000000d6100000, 0x0000000100000000)
  eden space 8192K, 0% used [0x00000000d5580000,0x00000000d5580000,0x00000000d5d80000)
  from space 1024K, 98% used [0x00000000d5f80000,0x00000000d607d200,0x00000000d6080000)
  to   space 512K, 0% used [0x00000000d6080000,0x00000000d6080000,0x00000000d6100000)
 ParOldGen       total 765440K, used 384567K [0x0000000080000000, 0x00000000aeb80000, 0x00000000d5580000)
  object space 765440K, 50% used [0x0000000080000000,0x000000009778dd08,0x00000000aeb80000)
 Metaspace       used 88825K, committed 90752K, reserved 1179648K
  class space    used 8955K, committed 9792K, reserved 1048576K
}
Event: 10819.766 GC heap before
{Heap before GC invocations=1483 (full 5):
 PSYoungGen      total 9216K, used 9204K [0x00000000d5580000, 0x00000000d6100000, 0x0000000100000000)
  eden space 8192K, 100% used [0x00000000d5580000,0x00000000d5d80000,0x00000000d5d80000)
  from space 1024K, 98% used [0x00000000d5f80000,0x00000000d607d200,0x00000000d6080000)
  to   space 512K, 0% used [0x00000000d6080000,0x00000000d6080000,0x00000000d6100000)
 ParOldGen       total 765440K, used 384567K [0x0000000080000000, 0x00000000aeb80000, 0x00000000d5580000)
  object space 765440K, 50% used [0x0000000080000000,0x000000009778dd08,0x00000000aeb80000)
 Metaspace       used 88826K, committed 90752K, reserved 1179648K
  class space    used 8955K, committed 9792K, reserved 1048576K
}
Event: 10819.770 GC heap after
{Heap after GC invocations=1483 (full 5):
 PSYoungGen      total 8704K, used 484K [0x00000000d5580000, 0x00000000d6280000, 0x0000000100000000)
  eden space 8192K, 0% used [0x00000000d5580000,0x00000000d5580000,0x00000000d5d80000)
  from space 512K, 94% used [0x00000000d6080000,0x00000000d60f9210,0x00000000d6100000)
  to   space 2560K, 0% used [0x00000000d5d80000,0x00000000d5d80000,0x00000000d6000000)
 ParOldGen       total 765440K, used 385987K [0x0000000080000000, 0x00000000aeb80000, 0x00000000d5580000)
  object space 765440K, 50% used [0x0000000080000000,0x00000000978f0f58,0x00000000aeb80000)
 Metaspace       used 88826K, committed 90752K, reserved 1179648K
  class space    used 8955K, committed 9792K, reserved 1048576K
}
Event: 10819.802 GC heap before
{Heap before GC invocations=1484 (full 5):
 PSYoungGen      total 8704K, used 8676K [0x00000000d5580000, 0x00000000d6280000, 0x0000000100000000)
  eden space 8192K, 100% used [0x00000000d5580000,0x00000000d5d80000,0x00000000d5d80000)
  from space 512K, 94% used [0x00000000d6080000,0x00000000d60f9210,0x00000000d6100000)
  to   space 2560K, 0% used [0x00000000d5d80000,0x00000000d5d80000,0x00000000d6000000)
 ParOldGen       total 765440K, used 385987K [0x0000000080000000, 0x00000000aeb80000, 0x00000000d5580000)
  object space 765440K, 50% used [0x0000000080000000,0x00000000978f0f58,0x00000000aeb80000)
 Metaspace       used 88829K, committed 90752K, reserved 1179648K
  class space    used 8955K, committed 9792K, reserved 1048576K
}
Event: 10819.807 GC heap after
{Heap after GC invocations=1484 (full 5):
 PSYoungGen      total 9216K, used 1008K [0x00000000d5580000, 0x00000000d6100000, 0x0000000100000000)
  eden space 8192K, 0% used [0x00000000d5580000,0x00000000d5580000,0x00000000d5d80000)
  from space 1024K, 98% used [0x00000000d5d80000,0x00000000d5e7c010,0x00000000d5e80000)
  to   space 1536K, 0% used [0x00000000d5f80000,0x00000000d5f80000,0x00000000d6100000)
 ParOldGen       total 765440K, used 386502K [0x0000000080000000, 0x00000000aeb80000, 0x00000000d5580000)
  object space 765440K, 50% used [0x0000000080000000,0x0000000097971ac8,0x00000000aeb80000)
 Metaspace       used 88829K, committed 90752K, reserved 1179648K
  class space    used 8955K, committed 9792K, reserved 1048576K
}
Event: 10820.703 GC heap before
{Heap before GC invocations=1485 (full 5):
 PSYoungGen      total 9216K, used 9200K [0x00000000d5580000, 0x00000000d6100000, 0x0000000100000000)
  eden space 8192K, 100% used [0x00000000d5580000,0x00000000d5d80000,0x00000000d5d80000)
  from space 1024K, 98% used [0x00000000d5d80000,0x00000000d5e7c010,0x00000000d5e80000)
  to   space 1536K, 0% used [0x00000000d5f80000,0x00000000d5f80000,0x00000000d6100000)
 ParOldGen       total 765440K, used 386502K [0x0000000080000000, 0x00000000aeb80000, 0x00000000d5580000)
  object space 765440K, 50% used [0x0000000080000000,0x0000000097971ac8,0x00000000aeb80000)
 Metaspace       used 88834K, committed 90752K, reserved 1179648K
  class space    used 8955K, committed 9792K, reserved 1048576K
}
Event: 10820.706 GC heap after
{Heap after GC invocations=1485 (full 5):
 PSYoungGen      total 8704K, used 464K [0x00000000d5580000, 0x00000000d6000000, 0x0000000100000000)
  eden space 8192K, 0% used [0x00000000d5580000,0x00000000d5580000,0x00000000d5d80000)
  from space 512K, 90% used [0x00000000d5f80000,0x00000000d5ff4010,0x00000000d6000000)
  to   space 1024K, 0% used [0x00000000d5e00000,0x00000000d5e00000,0x00000000d5f00000)
 ParOldGen       total 765440K, used 387374K [0x0000000080000000, 0x00000000aeb80000, 0x00000000d5580000)
  object space 765440K, 50% used [0x0000000080000000,0x0000000097a4bb48,0x00000000aeb80000)
 Metaspace       used 88834K, committed 90752K, reserved 1179648K
  class space    used 8955K, committed 9792K, reserved 1048576K
}
Event: 10820.734 GC heap before
{Heap before GC invocations=1486 (full 5):
 PSYoungGen      total 8704K, used 8656K [0x00000000d5580000, 0x00000000d6000000, 0x0000000100000000)
  eden space 8192K, 100% used [0x00000000d5580000,0x00000000d5d80000,0x00000000d5d80000)
  from space 512K, 90% used [0x00000000d5f80000,0x00000000d5ff4010,0x00000000d6000000)
  to   space 1024K, 0% used [0x00000000d5e00000,0x00000000d5e00000,0x00000000d5f00000)
 ParOldGen       total 765440K, used 387374K [0x0000000080000000, 0x00000000aeb80000, 0x00000000d5580000)
  object space 765440K, 50% used [0x0000000080000000,0x0000000097a4bb48,0x00000000aeb80000)
 Metaspace       used 88834K, committed 90752K, reserved 1179648K
  class space    used 8955K, committed 9792K, reserved 1048576K
}
Event: 10820.736 GC heap after
{Heap after GC invocations=1486 (full 5):
 PSYoungGen      total 9216K, used 298K [0x00000000d5580000, 0x00000000d6000000, 0x0000000100000000)
  eden space 8192K, 0% used [0x00000000d5580000,0x00000000d5580000,0x00000000d5d80000)
  from space 1024K, 29% used [0x00000000d5e00000,0x00000000d5e4a8e0,0x00000000d5f00000)
  to   space 512K, 0% used [0x00000000d5f80000,0x00000000d5f80000,0x00000000d6000000)
 ParOldGen       total 765440K, used 387750K [0x0000000080000000, 0x00000000aeb80000, 0x00000000d5580000)
  object space 765440K, 50% used [0x0000000080000000,0x0000000097aa9b58,0x00000000aeb80000)
 Metaspace       used 88834K, committed 90752K, reserved 1179648K
  class space    used 8955K, committed 9792K, reserved 1048576K
}

