<?xml version="1.0" encoding="UTF-8"?>
<testsuite xmlns:xsi="http://www.w3.org/2001/XMLSchema-instance" xsi:noNamespaceSchemaLocation="https://maven.apache.org/surefire/maven-surefire-plugin/xsd/surefire-test-report.xsd" version="3.0.2" name="com.example.QLDatVe.services.BookingTestSuite" time="3.554" tests="0" errors="0" skipped="0" failures="0">
  <properties>
[...]
</properties>
  <testcase name="testVal_NegativeTripId" classname="com.example.QLDatVe.services.BookingValidationTest" time="1.282"/>
  <testcase name="testVal_DuplicateSeatsInRequest" classname="com.example.QLDatVe.services.BookingValidationTest" time="0.009"/>
  <testcase name="testVal_TripDeparted" classname="com.example.QLDatVe.services.BookingValidationTest" time="0.012"/>
  <testcase name="testVal_TripNotFound" classname="com.example.QLDatVe.services.BookingValidationTest" time="0.008"/>
  <testcase name="testVal_EmptySeats" classname="com.example.QLDatVe.services.BookingValidationTest" time="0.004"/>
  <testcase name="testVal_RequestNull" classname="com.example.QLDatVe.services.BookingValidationTest" time="0.007"/>
  <testcase name="testVal_UserNull" classname="com.example.QLDatVe.services.BookingValidationTest" time="0.006"/>
  <testcase name="testSafe_RaceCondition_OverlapSeats" classname="com.example.QLDatVe.services.BookingSafetyTest" time="0.374">
    <failure message="&#10;bookingRepository.save(&#10;    &lt;any com.example.QLDatVe.entities.Booking&gt;&#10;);&#10;Wanted 1 time:&#10;-&gt; at com.example.QLDatVe.services.BookingSafetyTest.runCustomRace(BookingSafetyTest.java:251)&#10;But was 2 times:&#10;-&gt; at com.example.QLDatVe.services.BookingService.createBooking(BookingService.java:97)&#10;-&gt; at com.example.QLDatVe.services.BookingService.createBooking(BookingService.java:97)&#10;&#10;" type="org.mockito.exceptions.verification.TooManyActualInvocations"><![CDATA[org.mockito.exceptions.verification.TooManyActualInvocations: 

bookingRepository.save(
    <any com.example.QLDatVe.entities.Booking>
);
Wanted 1 time:
-> at com.example.QLDatVe.services.BookingSafetyTest.runCustomRace(BookingSafetyTest.java:251)
But was 2 times:
-> at com.example.QLDatVe.services.BookingService.createBooking(BookingService.java:97)
-> at com.example.QLDatVe.services.BookingService.createBooking(BookingService.java:97)


	at com.example.QLDatVe.services.BookingSafetyTest.runCustomRace(BookingSafetyTest.java:251)
	at com.example.QLDatVe.services.BookingSafetyTest.testSafe_RaceCondition_OverlapSeats(BookingSafetyTest.java:153)
	at java.base/java.lang.reflect.Method.invoke(Method.java:580)
	at org.mockito.internal.runners.DefaultInternalRunner$1$1.evaluate(DefaultInternalRunner.java:55)
	at org.mockito.internal.runners.DefaultInternalRunner$1.run(DefaultInternalRunner.java:100)
	at org.mockito.internal.runners.DefaultInternalRunner.run(DefaultInternalRunner.java:107)
	at org.mockito.internal.runners.StrictRunner.run(StrictRunner.java:42)
	at org.mockito.junit.MockitoJUnitRunner.run(MockitoJUnitRunner.java:163)
]]></failure>
    <system-out><![CDATA[--- Testing: Overlap Booking ([D01, D02] vs [D02, D03]) ---
21:09:56.012 [pool-2-thread-1] INFO com.example.QLDatVe.services.BookingService -- Booking ID null đã được tạo với trạng thái CONFIRMED.
21:09:56.013 [pool-2-thread-2] INFO com.example.QLDatVe.services.BookingService -- Booking ID null đã được tạo với trạng thái CONFIRMED.
21:09:56.037 [pool-2-thread-2] INFO com.example.QLDatVe.services.BookingService -- ✅ Email xác nhận đã gửi thành công cho ID: null
21:09:56.037 [pool-2-thread-1] INFO com.example.QLDatVe.services.BookingService -- ✅ Email xác nhận đã gửi thành công cho ID: null
]]></system-out>
    <system-err><![CDATA[!!! BUG DETECTED: Overlap Booking Failed - Cả 2 người đều mua được ghế trùng nhau !!!
]]></system-err>
  </testcase>
  <testcase name="testSafe_RaceCondition_MOMO_OneSeat" classname="com.example.QLDatVe.services.BookingSafetyTest" time="0.017">
    <failure message="&#10;bookingRepository.save(&#10;    &lt;any com.example.QLDatVe.entities.Booking&gt;&#10;);&#10;Wanted 1 time:&#10;-&gt; at com.example.QLDatVe.services.BookingSafetyTest.runConcurrentTest(BookingSafetyTest.java:239)&#10;But was 2 times:&#10;-&gt; at com.example.QLDatVe.services.BookingService.createBooking(BookingService.java:97)&#10;-&gt; at com.example.QLDatVe.services.BookingService.createBooking(BookingService.java:97)&#10;&#10;" type="org.mockito.exceptions.verification.TooManyActualInvocations"><![CDATA[org.mockito.exceptions.verification.TooManyActualInvocations: 

bookingRepository.save(
    <any com.example.QLDatVe.entities.Booking>
);
Wanted 1 time:
-> at com.example.QLDatVe.services.BookingSafetyTest.runConcurrentTest(BookingSafetyTest.java:239)
But was 2 times:
-> at com.example.QLDatVe.services.BookingService.createBooking(BookingService.java:97)
-> at com.example.QLDatVe.services.BookingService.createBooking(BookingService.java:97)


	at com.example.QLDatVe.services.BookingSafetyTest.runConcurrentTest(BookingSafetyTest.java:239)
	at com.example.QLDatVe.services.BookingSafetyTest.testSafe_RaceCondition_MOMO_OneSeat(BookingSafetyTest.java:105)
	at java.base/java.lang.reflect.Method.invoke(Method.java:580)
	at org.mockito.internal.runners.DefaultInternalRunner$1$1.evaluate(DefaultInternalRunner.java:55)
	at org.mockito.internal.runners.DefaultInternalRunner$1.run(DefaultInternalRunner.java:100)
	at org.mockito.internal.runners.DefaultInternalRunner.run(DefaultInternalRunner.java:107)
	at org.mockito.internal.runners.StrictRunner.run(StrictRunner.java:42)
	at org.mockito.junit.MockitoJUnitRunner.run(MockitoJUnitRunner.java:163)
]]></failure>
    <system-out><![CDATA[--- Testing: 2 Users book same seat (MOMO) ---
21:09:56.137 [pool-3-thread-2] INFO com.example.QLDatVe.services.BookingService -- Booking ID null đã được tạo với trạng thái PENDING.
21:09:56.137 [pool-3-thread-1] INFO com.example.QLDatVe.services.BookingService -- Booking ID null đã được tạo với trạng thái PENDING.
]]></system-out>
  </testcase>
  <testcase name="testFunc_Success_CASH" classname="com.example.QLDatVe.services.BookingSafetyTest" time="0.004">
    <system-out><![CDATA[21:09:56.149 [main] INFO com.example.QLDatVe.services.BookingService -- Booking ID null đã được tạo với trạng thái CONFIRMED.
21:09:56.149 [main] INFO com.example.QLDatVe.services.BookingService -- ✅ Email xác nhận đã gửi thành công cho ID: null
]]></system-out>
  </testcase>
  <testcase name="testFunc_Success_MOMO" classname="com.example.QLDatVe.services.BookingSafetyTest" time="0.02">
    <system-out><![CDATA[21:09:56.167 [main] INFO com.example.QLDatVe.services.BookingService -- Booking ID null đã được tạo với trạng thái PENDING.
]]></system-out>
  </testcase>
  <testcase name="testSafe_RaceCondition_CASH_OneSeat" classname="com.example.QLDatVe.services.BookingSafetyTest" time="0.016">
    <failure message="&#10;bookingRepository.save(&#10;    &lt;any com.example.QLDatVe.entities.Booking&gt;&#10;);&#10;Wanted 1 time:&#10;-&gt; at com.example.QLDatVe.services.BookingSafetyTest.runConcurrentTest(BookingSafetyTest.java:239)&#10;But was 2 times:&#10;-&gt; at com.example.QLDatVe.services.BookingService.createBooking(BookingService.java:97)&#10;-&gt; at com.example.QLDatVe.services.BookingService.createBooking(BookingService.java:97)&#10;&#10;" type="org.mockito.exceptions.verification.TooManyActualInvocations"><![CDATA[org.mockito.exceptions.verification.TooManyActualInvocations: 

bookingRepository.save(
    <any com.example.QLDatVe.entities.Booking>
);
Wanted 1 time:
-> at com.example.QLDatVe.services.BookingSafetyTest.runConcurrentTest(BookingSafetyTest.java:239)
But was 2 times:
-> at com.example.QLDatVe.services.BookingService.createBooking(BookingService.java:97)
-> at com.example.QLDatVe.services.BookingService.createBooking(BookingService.java:97)


	at com.example.QLDatVe.services.BookingSafetyTest.runConcurrentTest(BookingSafetyTest.java:239)
	at com.example.QLDatVe.services.BookingSafetyTest.testSafe_RaceCondition_CASH_OneSeat(BookingSafetyTest.java:91)
	at java.base/java.lang.reflect.Method.invoke(Method.java:580)
	at org.mockito.internal.runners.DefaultInternalRunner$1$1.evaluate(DefaultInternalRunner.java:55)
	at org.mockito.internal.runners.DefaultInternalRunner$1.run(DefaultInternalRunner.java:100)
	at org.mockito.internal.runners.DefaultInternalRunner.run(DefaultInternalRunner.java:107)
	at org.mockito.internal.runners.StrictRunner.run(StrictRunner.java:42)
	at org.mockito.junit.MockitoJUnitRunner.run(MockitoJUnitRunner.java:163)
]]></failure>
    <system-out><![CDATA[--- Testing: 2 Users book same seat (CASH) ---
21:09:56.180 [pool-4-thread-2] INFO com.example.QLDatVe.services.BookingService -- Booking ID null đã được tạo với trạng thái CONFIRMED.
21:09:56.180 [pool-4-thread-1] INFO com.example.QLDatVe.services.BookingService -- Booking ID null đã được tạo với trạng thái CONFIRMED.
21:09:56.182 [pool-4-thread-2] INFO com.example.QLDatVe.services.BookingService -- ✅ Email xác nhận đã gửi thành công cho ID: null
21:09:56.182 [pool-4-thread-1] INFO com.example.QLDatVe.services.BookingService -- ✅ Email xác nhận đã gửi thành công cho ID: null
]]></system-out>
  </testcase>
  <testcase name="testFunc_CronJob_AutoCancel" classname="com.example.QLDatVe.services.BookingSafetyTest" time="0.005"/>
  <testcase name="testSafe_Sequential_SeatAlreadySold" classname="com.example.QLDatVe.services.BookingSafetyTest" time="0.002"/>
  <testcase name="testFunc_OneUser_MultipleSeats" classname="com.example.QLDatVe.services.BookingSafetyTest" time="0.009">
    <system-out><![CDATA[21:09:56.206 [main] INFO com.example.QLDatVe.services.BookingService -- Booking ID null đã được tạo với trạng thái CONFIRMED.
21:09:56.206 [main] INFO com.example.QLDatVe.services.BookingService -- ✅ Email xác nhận đã gửi thành công cho ID: null
]]></system-out>
  </testcase>
  <testcase name="testLife_CronJob_RepositoryException_IsHandled" classname="com.example.QLDatVe.services.BookingLifecycleTest" time="0.198">
    <system-out><![CDATA[21:09:56.408 [main] ERROR com.example.QLDatVe.services.BookingService -- ❌ Error during scheduled task 'checkAndCancelExpiredBookings': Database error
java.lang.RuntimeException: Database error
	at com.example.QLDatVe.services.BookingService.checkAndCancelExpiredBookings(BookingService.java:312)
	at com.example.QLDatVe.services.BookingLifecycleTest.testLife_CronJob_RepositoryException_IsHandled(BookingLifecycleTest.java:101)
	at java.base/jdk.internal.reflect.DirectMethodHandleAccessor.invoke(DirectMethodHandleAccessor.java:103)
	at java.base/java.lang.reflect.Method.invoke(Method.java:580)
	at org.junit.runners.model.FrameworkMethod$1.runReflectiveCall(FrameworkMethod.java:59)
	at org.junit.internal.runners.model.ReflectiveCallable.run(ReflectiveCallable.java:12)
	at org.junit.runners.model.FrameworkMethod.invokeExplosively(FrameworkMethod.java:56)
	at org.junit.internal.runners.statements.InvokeMethod.evaluate(InvokeMethod.java:17)
	at org.junit.internal.runners.statements.RunBefores.evaluate(RunBefores.java:26)
	at org.mockito.internal.runners.DefaultInternalRunner$1$1.evaluate(DefaultInternalRunner.java:55)
	at org.junit.runners.ParentRunner$3.evaluate(ParentRunner.java:306)
	at org.junit.runners.BlockJUnit4ClassRunner$1.evaluate(BlockJUnit4ClassRunner.java:100)
	at org.junit.runners.ParentRunner.runLeaf(ParentRunner.java:366)
	at org.junit.runners.BlockJUnit4ClassRunner.runChild(BlockJUnit4ClassRunner.java:103)
	at org.junit.runners.BlockJUnit4ClassRunner.runChild(BlockJUnit4ClassRunner.java:63)
	at org.junit.runners.ParentRunner$4.run(ParentRunner.java:331)
	at org.junit.runners.ParentRunner$1.schedule(ParentRunner.java:79)
	at org.junit.runners.ParentRunner.runChildren(ParentRunner.java:329)
	at org.junit.runners.ParentRunner.access$100(ParentRunner.java:66)
	at org.junit.runners.ParentRunner$2.evaluate(ParentRunner.java:293)
	at org.junit.runners.ParentRunner$3.evaluate(ParentRunner.java:306)
	at org.junit.runners.ParentRunner.run(ParentRunner.java:413)
	at org.mockito.internal.runners.DefaultInternalRunner$1.run(DefaultInternalRunner.java:100)
	at org.mockito.internal.runners.DefaultInternalRunner.run(DefaultInternalRunner.java:107)
	at org.mockito.internal.runners.StrictRunner.run(StrictRunner.java:42)
	at org.mockito.junit.MockitoJUnitRunner.run(MockitoJUnitRunner.java:163)
	at org.junit.runners.Suite.runChild(Suite.java:128)
	at org.junit.runners.Suite.runChild(Suite.java:27)
	at org.junit.runners.ParentRunner$4.run(ParentRunner.java:331)
	at org.junit.runners.ParentRunner$1.schedule(ParentRunner.java:79)
	at org.junit.runners.ParentRunner.runChildren(ParentRunner.java:329)
	at org.junit.runners.ParentRunner.access$100(ParentRunner.java:66)
	at org.junit.runners.ParentRunner$2.evaluate(ParentRunner.java:293)
	at org.junit.runners.ParentRunner$3.evaluate(ParentRunner.java:306)
	at org.junit.runners.ParentRunner.run(ParentRunner.java:413)
	at org.junit.runner.JUnitCore.run(JUnitCore.java:137)
	at org.junit.runner.JUnitCore.run(JUnitCore.java:115)
	at org.junit.vintage.engine.execution.RunnerExecutor.execute(RunnerExecutor.java:42)
	at org.junit.vintage.engine.execution.VintageExecutor.executeClassesAndMethodsSequentially(VintageExecutor.java:93)
	at org.junit.vintage.engine.execution.VintageExecutor.executeAllChildren(VintageExecutor.java:73)
	at org.junit.vintage.engine.VintageTestEngine.execute(VintageTestEngine.java:70)
	at org.junit.platform.launcher.core.EngineExecutionOrchestrator.execute(EngineExecutionOrchestrator.java:201)
	at org.junit.platform.launcher.core.EngineExecutionOrchestrator.execute(EngineExecutionOrchestrator.java:170)
	at org.junit.platform.launcher.core.EngineExecutionOrchestrator.execute(EngineExecutionOrchestrator.java:94)
	at org.junit.platform.launcher.core.EngineExecutionOrchestrator.lambda$execute$0(EngineExecutionOrchestrator.java:59)
	at org.junit.platform.launcher.core.EngineExecutionOrchestrator.withInterceptedStreams(EngineExecutionOrchestrator.java:142)
	at org.junit.platform.launcher.core.EngineExecutionOrchestrator.execute(EngineExecutionOrchestrator.java:58)
	at org.junit.platform.launcher.core.DefaultLauncher.execute(DefaultLauncher.java:103)
	at org.junit.platform.launcher.core.DefaultLauncher.execute(DefaultLauncher.java:85)
	at org.junit.platform.launcher.core.DelegatingLauncher.execute(DelegatingLauncher.java:47)
	at org.junit.platform.launcher.core.InterceptingLauncher.lambda$execute$1(InterceptingLauncher.java:39)
	at org.junit.platform.launcher.core.ClasspathAlignmentCheckingLauncherInterceptor.intercept(ClasspathAlignmentCheckingLauncherInterceptor.java:25)
	at org.junit.platform.launcher.core.InterceptingLauncher.execute(InterceptingLauncher.java:38)
	at org.junit.platform.launcher.core.DelegatingLauncher.execute(DelegatingLauncher.java:47)
	at org.apache.maven.surefire.junitplatform.LauncherAdapter.executeWithoutCancellationToken(LauncherAdapter.java:60)
	at org.apache.maven.surefire.junitplatform.LauncherAdapter.execute(LauncherAdapter.java:52)
	at org.apache.maven.surefire.junitplatform.JUnitPlatformProvider.execute(JUnitPlatformProvider.java:203)
	at org.apache.maven.surefire.junitplatform.JUnitPlatformProvider.invokeAllTests(JUnitPlatformProvider.java:168)
	at org.apache.maven.surefire.junitplatform.JUnitPlatformProvider.invoke(JUnitPlatformProvider.java:136)
	at org.apache.maven.surefire.booter.ForkedBooter.runSuitesInProcess(ForkedBooter.java:385)
	at org.apache.maven.surefire.booter.ForkedBooter.execute(ForkedBooter.java:162)
	at org.apache.maven.surefire.booter.ForkedBooter.run(ForkedBooter.java:507)
	at org.apache.maven.surefire.booter.ForkedBooter.main(ForkedBooter.java:495)
]]></system-out>
  </testcase>
  <testcase name="testLife_CancelBooking_WrongUser_Throws" classname="com.example.QLDatVe.services.BookingLifecycleTest" time="0.006"/>
  <testcase name="testLife_ConfirmBookingAfterPayment_Pending_Success" classname="com.example.QLDatVe.services.BookingLifecycleTest" time="0.009">
    <system-out><![CDATA[21:09:56.432 [main] INFO com.example.QLDatVe.services.BookingService -- ✅ Booking ID 105 confirmed after MoMo payment (OrderID: ORD-01)
21:09:56.432 [main] INFO com.example.QLDatVe.services.BookingService -- ✅ Email xác nhận đã gửi thành công cho ID: 105
]]></system-out>
  </testcase>
  <testcase name="testLife_CancelBooking_UserOwner_Success" classname="com.example.QLDatVe.services.BookingLifecycleTest" time="0.013">
    <system-out><![CDATA[21:09:56.445 [main] INFO com.example.QLDatVe.services.BookingService -- ✅ User user1@example.com cancelled booking #101
]]></system-out>
  </testcase>
  <testcase name="testLife_CronJob_NoExpiredBookings" classname="com.example.QLDatVe.services.BookingLifecycleTest" time="0.003"/>
  <testcase name="testLife_ConfirmBookingAfterPayment_NotFound_NoSave" classname="com.example.QLDatVe.services.BookingLifecycleTest" time="0.009">
    <system-out><![CDATA[21:09:56.451 [main] ERROR com.example.QLDatVe.services.BookingService -- ❌ Could not find booking with MoMo OrderID: ORD-404 and RequestID: REQ-404
]]></system-out>
  </testcase>
  <testcase name="testLife_CancelBookingByAdmin_Confirmed_Success" classname="com.example.QLDatVe.services.BookingLifecycleTest" time="0.008">
    <system-out><![CDATA[21:09:56.470 [main] INFO com.example.QLDatVe.services.BookingService -- ✅ Admin cancelled booking #104
]]></system-out>
  </testcase>
  <testcase name="testLife_CancelBooking_DepartedTrip_Throws" classname="com.example.QLDatVe.services.BookingLifecycleTest" time="0.006"/>
  <testcase name="testLife_Concurrent_DifferentSeats_BothUsersSucceed" classname="com.example.QLDatVe.services.BookingLifecycleTest" time="0.008">
    <system-out><![CDATA[21:09:56.487 [pool-5-thread-1] INFO com.example.QLDatVe.services.BookingService -- Booking ID 999 đã được tạo với trạng thái CONFIRMED.
21:09:56.487 [pool-5-thread-2] INFO com.example.QLDatVe.services.BookingService -- Booking ID 999 đã được tạo với trạng thái CONFIRMED.
21:09:56.487 [pool-5-thread-1] INFO com.example.QLDatVe.services.BookingService -- ✅ Email xác nhận đã gửi thành công cho ID: 999
21:09:56.487 [pool-5-thread-2] INFO com.example.QLDatVe.services.BookingService -- ✅ Email xác nhận đã gửi thành công cho ID: 999
]]></system-out>
  </testcase>
  <testcase name="testLife_CreateBooking_Cash_EmailFailure_DoesNotRollback" classname="com.example.QLDatVe.services.BookingLifecycleTest" time="0.014">
    <system-out><![CDATA[21:09:56.501 [main] INFO com.example.QLDatVe.services.BookingService -- Booking ID 999 đã được tạo với trạng thái CONFIRMED.
21:09:56.501 [main] ERROR com.example.QLDatVe.services.BookingService -- Lỗi khi gửi email xác nhận (Tiền mặt) cho Booking ID 999: SMTP unavailable
]]></system-out>
  </testcase>
  <testcase name="testValGap_PaymentMethodNull_ShouldReject" classname="com.example.QLDatVe.services.BookingValidationGapsTest" time="0.016">
    <failure message="Expected the request to be rejected, but booking was still created." type="java.lang.AssertionError"><![CDATA[java.lang.AssertionError: Expected the request to be rejected, but booking was still created.
	at org.junit.Assert.fail(Assert.java:89)
	at com.example.QLDatVe.services.BookingValidationGapsTest.assertShouldReject(BookingValidationGapsTest.java:107)
	at com.example.QLDatVe.services.BookingValidationGapsTest.testValGap_PaymentMethodNull_ShouldReject(BookingValidationGapsTest.java:73)
	at java.base/java.lang.reflect.Method.invoke(Method.java:580)
	at org.mockito.internal.runners.DefaultInternalRunner$1$1.evaluate(DefaultInternalRunner.java:55)
	at org.mockito.internal.runners.DefaultInternalRunner$1.run(DefaultInternalRunner.java:100)
	at org.mockito.internal.runners.DefaultInternalRunner.run(DefaultInternalRunner.java:107)
	at org.mockito.internal.runners.StrictRunner.run(StrictRunner.java:42)
	at org.mockito.junit.MockitoJUnitRunner.run(MockitoJUnitRunner.java:163)
]]></failure>
    <system-out><![CDATA[21:09:56.533 [main] INFO com.example.QLDatVe.services.BookingService -- Booking ID null đã được tạo với trạng thái PENDING.
]]></system-out>
  </testcase>
  <testcase name="testValGap_PaymentMethodUnsupported_ShouldReject" classname="com.example.QLDatVe.services.BookingValidationGapsTest" time="0.015">
    <failure message="Expected the request to be rejected, but booking was still created." type="java.lang.AssertionError"><![CDATA[java.lang.AssertionError: Expected the request to be rejected, but booking was still created.
	at org.junit.Assert.fail(Assert.java:89)
	at com.example.QLDatVe.services.BookingValidationGapsTest.assertShouldReject(BookingValidationGapsTest.java:107)
	at com.example.QLDatVe.services.BookingValidationGapsTest.testValGap_PaymentMethodUnsupported_ShouldReject(BookingValidationGapsTest.java:78)
	at java.base/java.lang.reflect.Method.invoke(Method.java:580)
	at org.mockito.internal.runners.DefaultInternalRunner$1$1.evaluate(DefaultInternalRunner.java:55)
	at org.mockito.internal.runners.DefaultInternalRunner$1.run(DefaultInternalRunner.java:100)
	at org.mockito.internal.runners.DefaultInternalRunner.run(DefaultInternalRunner.java:107)
	at org.mockito.internal.runners.StrictRunner.run(StrictRunner.java:42)
	at org.mockito.junit.MockitoJUnitRunner.run(MockitoJUnitRunner.java:163)
]]></failure>
    <system-out><![CDATA[21:09:56.552 [main] INFO com.example.QLDatVe.services.BookingService -- Booking ID null đã được tạo với trạng thái PENDING.
]]></system-out>
  </testcase>
  <testcase name="testValGap_SeatContainsNull_ShouldReject" classname="com.example.QLDatVe.services.BookingValidationGapsTest" time="0.014">
    <failure message="Expected the request to be rejected, but booking was still created." type="java.lang.AssertionError"><![CDATA[java.lang.AssertionError: Expected the request to be rejected, but booking was still created.
	at org.junit.Assert.fail(Assert.java:89)
	at com.example.QLDatVe.services.BookingValidationGapsTest.assertShouldReject(BookingValidationGapsTest.java:107)
	at com.example.QLDatVe.services.BookingValidationGapsTest.testValGap_SeatContainsNull_ShouldReject(BookingValidationGapsTest.java:83)
	at java.base/java.lang.reflect.Method.invoke(Method.java:580)
	at org.mockito.internal.runners.DefaultInternalRunner$1$1.evaluate(DefaultInternalRunner.java:55)
	at org.mockito.internal.runners.DefaultInternalRunner$1.run(DefaultInternalRunner.java:100)
	at org.mockito.internal.runners.DefaultInternalRunner.run(DefaultInternalRunner.java:107)
	at org.mockito.internal.runners.StrictRunner.run(StrictRunner.java:42)
	at org.mockito.junit.MockitoJUnitRunner.run(MockitoJUnitRunner.java:163)
]]></failure>
    <system-out><![CDATA[21:09:56.570 [main] INFO com.example.QLDatVe.services.BookingService -- Booking ID null đã được tạo với trạng thái CONFIRMED.
21:09:56.570 [main] INFO com.example.QLDatVe.services.BookingService -- ✅ Email xác nhận đã gửi thành công cho ID: null
]]></system-out>
  </testcase>
  <testcase name="testValGap_SeatContainsValidAndBlank_ShouldReject" classname="com.example.QLDatVe.services.BookingValidationGapsTest" time="0.011">
    <failure message="Expected the request to be rejected, but booking was still created." type="java.lang.AssertionError"><![CDATA[java.lang.AssertionError: Expected the request to be rejected, but booking was still created.
	at org.junit.Assert.fail(Assert.java:89)
	at com.example.QLDatVe.services.BookingValidationGapsTest.assertShouldReject(BookingValidationGapsTest.java:107)
	at com.example.QLDatVe.services.BookingValidationGapsTest.testValGap_SeatContainsValidAndBlank_ShouldReject(BookingValidationGapsTest.java:93)
	at java.base/java.lang.reflect.Method.invoke(Method.java:580)
	at org.mockito.internal.runners.DefaultInternalRunner$1$1.evaluate(DefaultInternalRunner.java:55)
	at org.mockito.internal.runners.DefaultInternalRunner$1.run(DefaultInternalRunner.java:100)
	at org.mockito.internal.runners.DefaultInternalRunner.run(DefaultInternalRunner.java:107)
	at org.mockito.internal.runners.StrictRunner.run(StrictRunner.java:42)
	at org.mockito.junit.MockitoJUnitRunner.run(MockitoJUnitRunner.java:163)
]]></failure>
    <system-out><![CDATA[21:09:56.582 [main] INFO com.example.QLDatVe.services.BookingService -- Booking ID null đã được tạo với trạng thái CONFIRMED.
21:09:56.584 [main] INFO com.example.QLDatVe.services.BookingService -- ✅ Email xác nhận đã gửi thành công cho ID: null
]]></system-out>
  </testcase>
  <testcase name="testValGap_SeatContainsBlank_ShouldReject" classname="com.example.QLDatVe.services.BookingValidationGapsTest" time="0.014">
    <failure message="Expected the request to be rejected, but booking was still created." type="java.lang.AssertionError"><![CDATA[java.lang.AssertionError: Expected the request to be rejected, but booking was still created.
	at org.junit.Assert.fail(Assert.java:89)
	at com.example.QLDatVe.services.BookingValidationGapsTest.assertShouldReject(BookingValidationGapsTest.java:107)
	at com.example.QLDatVe.services.BookingValidationGapsTest.testValGap_SeatContainsBlank_ShouldReject(BookingValidationGapsTest.java:88)
	at java.base/java.lang.reflect.Method.invoke(Method.java:580)
	at org.mockito.internal.runners.DefaultInternalRunner$1$1.evaluate(DefaultInternalRunner.java:55)
	at org.mockito.internal.runners.DefaultInternalRunner$1.run(DefaultInternalRunner.java:100)
	at org.mockito.internal.runners.DefaultInternalRunner.run(DefaultInternalRunner.java:107)
	at org.mockito.internal.runners.StrictRunner.run(StrictRunner.java:42)
	at org.mockito.junit.MockitoJUnitRunner.run(MockitoJUnitRunner.java:163)
]]></failure>
    <system-out><![CDATA[21:09:56.597 [main] INFO com.example.QLDatVe.services.BookingService -- Booking ID null đã được tạo với trạng thái CONFIRMED.
21:09:56.599 [main] INFO com.example.QLDatVe.services.BookingService -- ✅ Email xác nhận đã gửi thành công cho ID: null
]]></system-out>
  </testcase>
</testsuite>