<?xml version="1.0" encoding="UTF-8"?>
<testsuite xmlns:xsi="http://www.w3.org/2001/XMLSchema-instance" xsi:noNamespaceSchemaLocation="https://maven.apache.org/surefire/maven-surefire-plugin/xsd/surefire-test-report.xsd" version="3.0.2" name="com.example.QLDatVe.services.BookingTestSuite" time="2.21" tests="0" errors="0" skipped="0" failures="0">
  <properties>
[...]
</properties>
  <testcase name="testVal_NegativeTripId" classname="com.example.QLDatVe.services.BookingValidationTest" time="0.823"/>
  <testcase name="testVal_DuplicateSeatsInRequest" classname="com.example.QLDatVe.services.BookingValidationTest" time="0.013"/>
  <testcase name="testVal_TripDeparted" classname="com.example.QLDatVe.services.BookingValidationTest" time="0.008"/>
  <testcase name="testVal_TripNotFound" classname="com.example.QLDatVe.services.BookingValidationTest" time="0.022"/>
  <testcase name="testVal_EmptySeats" classname="com.example.QLDatVe.services.BookingValidationTest" time="0.01"/>
  <testcase name="testVal_RequestNull" classname="com.example.QLDatVe.services.BookingValidationTest" time="0.006"/>
  <testcase name="testVal_UserNull" classname="com.example.QLDatVe.services.BookingValidationTest" time="0.011"/>
  <testcase name="testSafe_RaceCondition_OverlapSeats" classname="com.example.QLDatVe.services.BookingSafetyTest" time="0.385">
    <failure message="&#10;bookingRepository.save(&#10;    &lt;any com.example.QLDatVe.entities.Booking&gt;&#10;);&#10;Wanted 1 time:&#10;-&gt; at com.example.QLDatVe.services.BookingSafetyTest.runCustomRace(BookingSafetyTest.java:251)&#10;But was 2 times:&#10;-&gt; at com.example.QLDatVe.services.BookingService.createBooking(BookingService.java:97)&#10;-&gt; at com.example.QLDatVe.services.BookingService.createBooking(BookingService.java:97)&#10;&#10;" type="org.mockito.exceptions.verification.TooManyActualInvocations"><![CDATA[org.mockito.exceptions.verification.TooManyActualInvocations: 

bookingRepository.save(
    <any com.example.QLDatVe.entities.Booking>
);
Wanted 1 time:
-> at com.example.QLDatVe.services.BookingSafetyTest.runCustomRace(BookingSafetyTest.java:251)
But was 2 times:
-> at com.example.QLDatVe.services.BookingService.createBooking(BookingService.java:97)
-> at com.example.QLDatVe.services.BookingService.createBooking(BookingService.java:97)


	at com.example.QLDatVe.services.BookingSafetyTest.runCustomRace(BookingSafetyTest.java:251)
	at com.example.QLDatVe.services.BookingSafetyTest.testSafe_RaceCondition_OverlapSeats(BookingSafetyTest.java:153)
	at java.base/java.lang.reflect.Method.invoke(Method.java:580)
	at org.mockito.internal.runners.DefaultInternalRunner$1$1.evaluate(DefaultInternalRunner.java:55)
	at org.mockito.internal.runners.DefaultInternalRunner$1.run(DefaultInternalRunner.java:100)
	at org.mockito.internal.runners.DefaultInternalRunner.run(DefaultInternalRunner.java:107)
	at org.mockito.internal.runners.StrictRunner.run(StrictRunner.java:42)
	at org.mockito.junit.MockitoJUnitRunner.run(MockitoJUnitRunner.java:163)
]]></failure>
    <system-out><![CDATA[--- Testing: Overlap Booking ([D01, D02] vs [D02, D03]) ---
00:43:38.972 [pool-2-thread-2] INFO com.example.QLDatVe.services.BookingService -- Booking ID null đã được tạo với trạng thái CONFIRMED.
00:43:38.972 [pool-2-thread-1] INFO com.example.QLDatVe.services.BookingService -- Booking ID null đã được tạo với trạng thái CONFIRMED.
00:43:38.997 [pool-2-thread-2] INFO com.example.QLDatVe.services.BookingService -- ✅ Email xác nhận đã gửi thành công cho ID: null
00:43:38.997 [pool-2-thread-1] INFO com.example.QLDatVe.services.BookingService -- ✅ Email xác nhận đã gửi thành công cho ID: null
]]></system-out>
    <system-err><![CDATA[!!! BUG DETECTED: Overlap Booking Failed - Cả 2 người đều mua được ghế trùng nhau !!!
]]></system-err>
  </testcase>
  <testcase name="testSafe_RaceCondition_MOMO_OneSeat" classname="com.example.QLDatVe.services.BookingSafetyTest" time="0.014">
    <failure message="&#10;bookingRepository.save(&#10;    &lt;any com.example.QLDatVe.entities.Booking&gt;&#10;);&#10;Wanted 1 time:&#10;-&gt; at com.example.QLDatVe.services.BookingSafetyTest.runConcurrentTest(BookingSafetyTest.java:239)&#10;But was 2 times:&#10;-&gt; at com.example.QLDatVe.services.BookingService.createBooking(BookingService.java:97)&#10;-&gt; at com.example.QLDatVe.services.BookingService.createBooking(BookingService.java:97)&#10;&#10;" type="org.mockito.exceptions.verification.TooManyActualInvocations"><![CDATA[org.mockito.exceptions.verification.TooManyActualInvocations: 

bookingRepository.save(
    <any com.example.QLDatVe.entities.Booking>
);
Wanted 1 time:
-> at com.example.QLDatVe.services.BookingSafetyTest.runConcurrentTest(BookingSafetyTest.java:239)
But was 2 times:
-> at com.example.QLDatVe.services.BookingService.createBooking(BookingService.java:97)
-> at com.example.QLDatVe.services.BookingService.createBooking(BookingService.java:97)


	at com.example.QLDatVe.services.BookingSafetyTest.runConcurrentTest(BookingSafetyTest.java:239)
	at com.example.QLDatVe.services.BookingSafetyTest.testSafe_RaceCondition_MOMO_OneSeat(BookingSafetyTest.java:105)
	at java.base/java.lang.reflect.Method.invoke(Method.java:580)
	at org.mockito.internal.runners.DefaultInternalRunner$1$1.evaluate(DefaultInternalRunner.java:55)
	at org.mockito.internal.runners.DefaultInternalRunner$1.run(DefaultInternalRunner.java:100)
	at org.mockito.internal.runners.DefaultInternalRunner.run(DefaultInternalRunner.java:107)
	at org.mockito.internal.runners.StrictRunner.run(StrictRunner.java:42)
	at org.mockito.junit.MockitoJUnitRunner.run(MockitoJUnitRunner.java:163)
]]></failure>
    <system-out><![CDATA[--- Testing: 2 Users book same seat (MOMO) ---
00:43:39.092 [pool-3-thread-1] INFO com.example.QLDatVe.services.BookingService -- Booking ID null đã được tạo với trạng thái PENDING.
00:43:39.092 [pool-3-thread-2] INFO com.example.QLDatVe.services.BookingService -- Booking ID null đã được tạo với trạng thái PENDING.
]]></system-out>
  </testcase>
  <testcase name="testFunc_Success_CASH" classname="com.example.QLDatVe.services.BookingSafetyTest" time="0.011">
    <system-out><![CDATA[00:43:39.097 [main] INFO com.example.QLDatVe.services.BookingService -- Booking ID null đã được tạo với trạng thái CONFIRMED.
00:43:39.097 [main] INFO com.example.QLDatVe.services.BookingService -- ✅ Email xác nhận đã gửi thành công cho ID: null
]]></system-out>
  </testcase>
  <testcase name="testFunc_Success_MOMO" classname="com.example.QLDatVe.services.BookingSafetyTest" time="0.009">
    <system-out><![CDATA[00:43:39.118 [main] INFO com.example.QLDatVe.services.BookingService -- Booking ID null đã được tạo với trạng thái PENDING.
]]></system-out>
  </testcase>
  <testcase name="testSafe_RaceCondition_CASH_OneSeat" classname="com.example.QLDatVe.services.BookingSafetyTest" time="0.016">
    <failure message="&#10;bookingRepository.save(&#10;    &lt;any com.example.QLDatVe.entities.Booking&gt;&#10;);&#10;Wanted 1 time:&#10;-&gt; at com.example.QLDatVe.services.BookingSafetyTest.runConcurrentTest(BookingSafetyTest.java:239)&#10;But was 2 times:&#10;-&gt; at com.example.QLDatVe.services.BookingService.createBooking(BookingService.java:97)&#10;-&gt; at com.example.QLDatVe.services.BookingService.createBooking(BookingService.java:97)&#10;&#10;" type="org.mockito.exceptions.verification.TooManyActualInvocations"><![CDATA[org.mockito.exceptions.verification.TooManyActualInvocations: 

bookingRepository.save(
    <any com.example.QLDatVe.entities.Booking>
);
Wanted 1 time:
-> at com.example.QLDatVe.services.BookingSafetyTest.runConcurrentTest(BookingSafetyTest.java:239)
But was 2 times:
-> at com.example.QLDatVe.services.BookingService.createBooking(BookingService.java:97)
-> at com.example.QLDatVe.services.BookingService.createBooking(BookingService.java:97)


	at com.example.QLDatVe.services.BookingSafetyTest.runConcurrentTest(BookingSafetyTest.java:239)
	at com.example.QLDatVe.services.BookingSafetyTest.testSafe_RaceCondition_CASH_OneSeat(BookingSafetyTest.java:91)
	at java.base/java.lang.reflect.Method.invoke(Method.java:580)
	at org.mockito.internal.runners.DefaultInternalRunner$1$1.evaluate(DefaultInternalRunner.java:55)
	at org.mockito.internal.runners.DefaultInternalRunner$1.run(DefaultInternalRunner.java:100)
	at org.mockito.internal.runners.DefaultInternalRunner.run(DefaultInternalRunner.java:107)
	at org.mockito.internal.runners.StrictRunner.run(StrictRunner.java:42)
	at org.mockito.junit.MockitoJUnitRunner.run(MockitoJUnitRunner.java:163)
]]></failure>
    <system-out><![CDATA[--- Testing: 2 Users book same seat (CASH) ---
00:43:39.129 [pool-4-thread-1] INFO com.example.QLDatVe.services.BookingService -- Booking ID null đã được tạo với trạng thái CONFIRMED.
00:43:39.129 [pool-4-thread-2] INFO com.example.QLDatVe.services.BookingService -- Booking ID null đã được tạo với trạng thái CONFIRMED.
00:43:39.132 [pool-4-thread-2] INFO com.example.QLDatVe.services.BookingService -- ✅ Email xác nhận đã gửi thành công cho ID: null
00:43:39.132 [pool-4-thread-1] INFO com.example.QLDatVe.services.BookingService -- ✅ Email xác nhận đã gửi thành công cho ID: null
]]></system-out>
  </testcase>
  <testcase name="testFunc_CronJob_AutoCancel" classname="com.example.QLDatVe.services.BookingSafetyTest" time="0.006"/>
  <testcase name="testSafe_Sequential_SeatAlreadySold" classname="com.example.QLDatVe.services.BookingSafetyTest" time="0.01"/>
  <testcase name="testFunc_OneUser_MultipleSeats" classname="com.example.QLDatVe.services.BookingSafetyTest" time="0.005">
    <system-out><![CDATA[00:43:39.159 [main] INFO com.example.QLDatVe.services.BookingService -- Booking ID null đã được tạo với trạng thái CONFIRMED.
00:43:39.159 [main] INFO com.example.QLDatVe.services.BookingService -- ✅ Email xác nhận đã gửi thành công cho ID: null
]]></system-out>
  </testcase>
</testsuite>